# JRE version: OpenJDK Runtime Environment (17.0.8) (build 17.0.8+0--10799086)
# Java VM: OpenJDK 64-Bit Server VM (17.0.8+0--10799086, mixed mode, tiered, compressed oops, compressed class ptrs, g1 gc, windows-amd64)
GC Precious Log:
 CPUs: 8 total, 8 available
 Memory: 12254M
 Large Page Support: Disabled
 NUMA Support: Disabled
 Compressed Oops: Enabled (32-bit)
 Heap Region Size: 1M
 Heap Min Capacity: 8M
 Heap Initial Capacity: 192M
 Heap Max Capacity: 2G
 Pre-touch: Disabled
 Parallel Workers: 8
 Concurrent Workers: 2
 Concurrent Refinement Workers: 8
 Periodic GC: Disabled
Heap:
 garbage-first heap   total 86016K, used 34803K [0x0000000080000000, 0x0000000100000000)
  region size 1024K, 8 young (8192K), 2 survivors (2048K)
 Metaspace       used 43071K, committed 43520K, reserved 1114112K
  class space    used 5668K, committed 5888K, reserved 1048576K
GC Heap History (18 events):
Event: 1.384 GC heap before
{Heap before GC invocations=0 (full 0):
 garbage-first heap   total 196608K, used 26624K [0x0000000080000000, 0x0000000100000000)
  region size 1024K, 23 young (23552K), 0 survivors (0K)
 Metaspace       used 10461K, committed 10624K, reserved 1114112K
  class space    used 1087K, committed 1152K, reserved 1048576K
}
Event: 1.397 GC heap after
{Heap after GC invocations=1 (full 0):
 garbage-first heap   total 196608K, used 10575K [0x0000000080000000, 0x0000000100000000)
  region size 1024K, 3 young (3072K), 3 survivors (3072K)
 Metaspace       used 10461K, committed 10624K, reserved 1114112K
  class space    used 1087K, committed 1152K, reserved 1048576K
}
Event: 2.255 GC heap before
{Heap before GC invocations=1 (full 0):
 garbage-first heap   total 196608K, used 38223K [0x0000000080000000, 0x0000000100000000)
  region size 1024K, 30 young (30720K), 3 survivors (3072K)
 Metaspace       used 11472K, committed 11648K, reserved 1114112K
  class space    used 1197K, committed 1280K, reserved 1048576K
}
Event: 2.264 GC heap after
{Heap after GC invocations=2 (full 0):
 garbage-first heap   total 196608K, used 12150K [0x0000000080000000, 0x0000000100000000)
  region size 1024K, 2 young (2048K), 2 survivors (2048K)
 Metaspace       used 11472K, committed 11648K, reserved 1114112K
  class space    used 1197K, committed 1280K, reserved 1048576K
}
Event: 4.022 GC heap before
{Heap before GC invocations=2 (full 0):
 garbage-first heap   total 196608K, used 58230K [0x0000000080000000, 0x0000000100000000)
  region size 1024K, 48 young (49152K), 2 survivors (2048K)
 Metaspace       used 21275K, committed 21504K, reserved 1114112K
  class space    used 2512K, committed 2624K, reserved 1048576K
}
Event: 4.036 GC heap after
{Heap after GC invocations=3 (full 0):
 garbage-first heap   total 196608K, used 19108K [0x0000000080000000, 0x0000000100000000)
  region size 1024K, 9 young (9216K), 9 survivors (9216K)
 Metaspace       used 21275K, committed 21504K, reserved 1114112K
  class space    used 2512K, committed 2624K, reserved 1048576K
}
Event: 5.232 GC heap before
{Heap before GC invocations=4 (full 0):
 garbage-first heap   total 71680K, used 51876K [0x0000000080000000, 0x0000000100000000)
  region size 1024K, 42 young (43008K), 9 survivors (9216K)
 Metaspace       used 26180K, committed 26496K, reserved 1114112K
  class space    used 3386K, committed 3520K, reserved 1048576K
}
Event: 5.245 GC heap after
{Heap after GC invocations=5 (full 0):
 garbage-first heap   total 71680K, used 21187K [0x0000000080000000, 0x0000000100000000)
  region size 1024K, 3 young (3072K), 3 survivors (3072K)
 Metaspace       used 26180K, committed 26496K, reserved 1114112K
  class space    used 3386K, committed 3520K, reserved 1048576K
}
Event: 6.034 GC heap before
{Heap before GC invocations=5 (full 0):
 garbage-first heap   total 71680K, used 48835K [0x0000000080000000, 0x0000000100000000)
  region size 1024K, 31 young (31744K), 3 survivors (3072K)
 Metaspace       used 30220K, committed 30528K, reserved 1114112K
  class space    used 4035K, committed 4160K, reserved 1048576K
}
Event: 6.040 GC heap after
{Heap after GC invocations=6 (full 0):
 garbage-first heap   total 71680K, used 22388K [0x0000000080000000, 0x0000000100000000)
  region size 1024K, 4 young (4096K), 4 survivors (4096K)
 Metaspace       used 30220K, committed 30528K, reserved 1114112K
  class space    used 4035K, committed 4160K, reserved 1048576K
}
Event: 6.702 GC heap before
{Heap before GC invocations=6 (full 0):
 garbage-first heap   total 71680K, used 52084K [0x0000000080000000, 0x0000000100000000)
  region size 1024K, 33 young (33792K), 4 survivors (4096K)
 Metaspace       used 34125K, committed 34432K, reserved 1114112K
  class space    used 4658K, committed 4800K, reserved 1048576K
}
Event: 6.710 GC heap after
{Heap after GC invocations=7 (full 0):
 garbage-first heap   total 71680K, used 23726K [0x0000000080000000, 0x0000000100000000)
  region size 1024K, 3 young (3072K), 3 survivors (3072K)
 Metaspace       used 34125K, committed 34432K, reserved 1114112K
  class space    used 4658K, committed 4800K, reserved 1048576K
}
Event: 6.975 GC heap before
{Heap before GC invocations=7 (full 0):
 garbage-first heap   total 71680K, used 30894K [0x0000000080000000, 0x0000000100000000)
  region size 1024K, 12 young (12288K), 3 survivors (3072K)
 Metaspace       used 35596K, committed 35968K, reserved 1114112K
  class space    used 4868K, committed 4992K, reserved 1048576K
}
Event: 6.981 GC heap after
{Heap after GC invocations=8 (full 0):
 garbage-first heap   total 71680K, used 24532K [0x0000000080000000, 0x0000000100000000)
  region size 1024K, 3 young (3072K), 3 survivors (3072K)
 Metaspace       used 35596K, committed 35968K, reserved 1114112K
  class space    used 4868K, committed 4992K, reserved 1048576K
}
Event: 7.951 GC heap before
{Heap before GC invocations=9 (full 0):
 garbage-first heap   total 71680K, used 53204K [0x0000000080000000, 0x0000000100000000)
  region size 1024K, 32 young (32768K), 3 survivors (3072K)
 Metaspace       used 40266K, committed 40576K, reserved 1114112K
  class space    used 5324K, committed 5440K, reserved 1048576K
}
Event: 7.961 GC heap after
{Heap after GC invocations=10 (full 0):
 garbage-first heap   total 71680K, used 28171K [0x0000000080000000, 0x0000000100000000)
  region size 1024K, 4 young (4096K), 4 survivors (4096K)
 Metaspace       used 40266K, committed 40576K, reserved 1114112K
  class space    used 5324K, committed 5440K, reserved 1048576K
}
Event: 8.712 GC heap before
{Heap before GC invocations=10 (full 0):
 garbage-first heap   total 71680K, used 55819K [0x0000000080000000, 0x0000000100000000)
  region size 1024K, 30 young (30720K), 4 survivors (4096K)
 Metaspace       used 42299K, committed 42752K, reserved 1114112K
  class space    used 5532K, committed 5760K, reserved 1048576K
}
Event: 8.720 GC heap after
{Heap after GC invocations=11 (full 0):
 garbage-first heap   total 86016K, used 29683K [0x0000000080000000, 0x0000000100000000)
  region size 1024K, 2 young (2048K), 2 survivors (2048K)
 Metaspace       used 42299K, committed 42752K, reserved 1114112K
  class space    used 5532K, committed 5760K, reserved 1048576K
}

